<?xml version="1.0" encoding="UTF-8"?>
<!-- Generated by org.testng.reporters.JUnitReportReporter -->
<testsuite skipped="0" hostname="LAPTOP-19553BN3" name="com.crm.qa.testcases.HomePageTest" tests="3" failures="0" timestamp="10 Oct 2018 04:21:27 GMT" time="2.079" errors="0">
  <testcase name="VerifyHomePageTitleTest" time="0.032" classname="com.crm.qa.testcases.HomePageTest"/>
  <testcase name="verifyUserName" time="0.180" classname="com.crm.qa.testcases.HomePageTest"/>
  <testcase name="VerifyContactsLinkTest" time="1.867" classname="com.crm.qa.testcases.HomePageTest"/>
</testsuite> <!-- com.crm.qa.testcases.HomePageTest -->
