<?xml version="1.0" encoding="UTF-8"?>
<!-- Generated by org.testng.reporters.JUnitReportReporter -->
<testsuite skipped="0" hostname="LAPTOP-19553BN3" name="com.crm.qa.testcases.LoginPageTest" tests="3" failures="0" timestamp="10 Oct 2018 04:16:07 GMT" time="12.425" errors="0">
  <testcase name="loginPageTitleTest" time="0.031" classname="com.crm.qa.testcases.LoginPageTest"/>
  <testcase name="loginPageCRMLogoImageTest" time="0.096" classname="com.crm.qa.testcases.LoginPageTest"/>
  <testcase name="loginTest" time="12.298" classname="com.crm.qa.testcases.LoginPageTest"/>
</testsuite> <!-- com.crm.qa.testcases.LoginPageTest -->
